<?xml version="1.0" encoding="UTF-8"?>
<!-- Generated by org.testng.reporters.JUnitReportReporter -->
<testsuite hostname="CLVITN-28FQFX3" failures="0" tests="9" name="Tests.LoginTest" time="35.362" errors="0" timestamp="2023-10-17T14:26:49 CEST" skipped="0">
  <testcase classname="Tests.LoginTest" name="userCanLogIn" time="1.998"/>
  <testcase classname="Tests.LoginTest" name="userCanLogOut" time="2.741"/>
  <testcase classname="Tests.LoginTest" name="userCannotLogInWithInvalidUsername" time="2.631"/>
  <testcase classname="Tests.LoginTest" name="userCannotLogInWithInvalidPassword" time="3.028"/>
  <testcase classname="Tests.LoginTest" name="userCannotLogInWithInvalidUsernameAndPassword" time="2.648"/>
  <testcase classname="Tests.LoginTest" name="userCannotLogInWithInvalidUsernameAndPassword" time="2.961"/>
  <testcase classname="Tests.LoginTest" name="userCannotLogInWithInvalidUsernameAndPassword" time="3.074"/>
  <testcase classname="Tests.LoginTest" name="userCannotLogInWithInvalidUsernameAndPassword" time="2.646"/>
  <testcase classname="Tests.LoginTest" name="userCannotLogInWithRandomData" time="13.635"/>
</testsuite> <!-- Tests.LoginTest -->
