<?xml version="1.0" encoding="UTF-8"?>
<!-- Generated by org.testng.reporters.JUnitReportReporter -->
<testsuite hostname="CLVITN-28FQFX3" failures="0" tests="2" name="Tests.EndToEndTest" time="5.576" errors="0" timestamp="2023-10-17T14:26:49 CEST" skipped="0">
  <testcase classname="Tests.EndToEndTest" name="itemCanBeBought" time="3.133"/>
  <testcase classname="Tests.EndToEndTest" name="userCanGoToHomepageAfterShopping" time="2.443"/>
</testsuite> <!-- Tests.EndToEndTest -->
