<?xml version="1.0" encoding="UTF-8"?>
<!-- Generated by org.testng.reporters.JUnitReportReporter -->
<testsuite hostname="CLVITN-28FQFX3" failures="0" tests="2" name="Tests.EndToEndTest" time="7.288" errors="0" timestamp="2023-10-17T16:22:40 CEST" skipped="0">
  <testcase classname="Tests.EndToEndTest" name="itemCanBeBought" time="5.256"/>
  <testcase classname="Tests.EndToEndTest" name="userCanGoToHomepageAfterShopping" time="2.032"/>
</testsuite> <!-- Tests.EndToEndTest -->
