<?xml version="1.0" encoding="UTF-8"?>
<!-- Generated by org.testng.reporters.JUnitReportReporter -->
<testsuite hostname="CLVITN-28FQFX3" failures="0" tests="8" name="Tests.LoginTest" time="92.200" errors="0" timestamp="2023-10-16T16:06:51 CEST" skipped="0">
  <testcase classname="Tests.LoginTest" name="userCanLogIn" time="3.415"/>
  <testcase classname="Tests.LoginTest" name="userCanLogOut" time="5.868"/>
  <testcase classname="Tests.LoginTest" name="userCannotLogInWithInvalidUsername" time="7.245"/>
  <testcase classname="Tests.LoginTest" name="userCannotLogInWithInvalidPassword" time="7.714"/>
  <testcase classname="Tests.LoginTest" name="userCannotLogInWithInvalidUsernameAndPassword" time="7.676"/>
  <testcase classname="Tests.LoginTest" name="userCannotLogInWithInvalidUsernameAndPassword" time="7.624"/>
  <testcase classname="Tests.LoginTest" name="userCannotLogInWithInvalidUsernameAndPassword" time="7.673"/>
  <testcase classname="Tests.LoginTest" name="userCannotLogInWithRandomData" time="44.985"/>
</testsuite> <!-- Tests.LoginTest -->
