<?xml version="1.0" encoding="UTF-8"?>
<!-- Generated by org.testng.reporters.JUnitReportReporter -->
<testsuite hostname="CLVITN-28FQFX3" failures="0" tests="4" name="Tests.CartTest" time="26.554" errors="0" timestamp="2023-10-17T16:22:40 CEST" skipped="0">
  <testcase classname="Tests.CartTest" name="addItemToCart" time="3.885"/>
  <testcase classname="Tests.CartTest" name="itemCanBeRemovedFromCart" time="9.961"/>
  <testcase classname="Tests.CartTest" name="multipleItemsCaneBeAddedToCart" time="7.066"/>
  <testcase classname="Tests.CartTest" name="userCanContinueShopping" time="5.642"/>
</testsuite> <!-- Tests.CartTest -->
