<?xml version="1.0" encoding="UTF-8"?>
<!-- Generated by org.testng.reporters.JUnitReportReporter -->
<testsuite hostname="Qwerty" failures="0" tests="7" name="Tests.HomepageTest" time="15.386" errors="0" timestamp="2023-10-16T19:41:16 CEST" skipped="0">
  <testcase classname="Tests.HomepageTest" name="hamburgerMenuIsHidden" time="1.573"/>
  <testcase classname="Tests.HomepageTest" name="hamburgerMenuHasExpectedItems" time="2.874"/>
  <testcase classname="Tests.HomepageTest" name="sortItemsAtoZ" time="1.660"/>
  <testcase classname="Tests.HomepageTest" name="sortItemsZtoA" time="1.670"/>
  <testcase classname="Tests.HomepageTest" name="sortPriceHighToLow" time="1.740"/>
  <testcase classname="Tests.HomepageTest" name="sortPriceLowToHigh" time="1.741"/>
  <testcase classname="Tests.HomepageTest" name="aboutPageCanBeOpened" time="4.128"/>
</testsuite> <!-- Tests.HomepageTest -->
