<?xml version="1.0" encoding="UTF-8"?>
<!-- Generated by org.testng.reporters.JUnitReportReporter -->
<testsuite hostname="CLVITN-28FQFX3" failures="0" tests="7" name="Tests.HomepageTest" time="16.219" errors="0" timestamp="2023-10-17T14:26:49 CEST" skipped="0">
  <testcase classname="Tests.HomepageTest" name="hamburgerMenuIsHidden" time="1.792"/>
  <testcase classname="Tests.HomepageTest" name="hamburgerMenuHasExpectedItems" time="2.308"/>
  <testcase classname="Tests.HomepageTest" name="sortItemsAtoZ" time="1.767"/>
  <testcase classname="Tests.HomepageTest" name="sortItemsZtoA" time="1.718"/>
  <testcase classname="Tests.HomepageTest" name="sortPriceHighToLow" time="1.845"/>
  <testcase classname="Tests.HomepageTest" name="sortPriceLowToHigh" time="2.312"/>
  <testcase classname="Tests.HomepageTest" name="aboutPageCanBeOpened" time="4.477"/>
</testsuite> <!-- Tests.HomepageTest -->
