<?xml version="1.0" encoding="UTF-8"?>
<!-- Generated by org.testng.reporters.JUnitReportReporter -->
<testsuite hostname="Qwerty" failures="0" tests="2" name="Tests.HomepageTest" time="4.184" errors="0" timestamp="2023-01-20T23:56:16 CET" skipped="0">
  <testcase classname="Tests.HomepageTest" name="hamburgerMenuHasExpectedItems" time="1.318"/>
  <system-out/>
  <testcase classname="Tests.HomepageTest" name="hamburgerMenuIsHidden" time="2.866"/>
  <system-out/>
</testsuite> <!-- Tests.HomepageTest -->
