<?xml version="1.0" encoding="UTF-8"?>
<!-- Generated by org.testng.reporters.JUnitReportReporter -->
<testsuite hostname="Qwerty" failures="0" tests="7" name="Tests.LoginTest" time="11.428" errors="0" timestamp="2023-01-20T23:56:16 CET" skipped="0">
  <testcase classname="Tests.LoginTest" name="userCanLogIn" time="1.407"/>
  <system-out/>
  <testcase classname="Tests.LoginTest" name="userCannotLogInWithInvalidUsername" time="1.264"/>
  <system-out/>
  <testcase classname="Tests.LoginTest" name="userCannotLogInWithInvalidPassword" time="1.934"/>
  <system-out/>
  <testcase classname="Tests.LoginTest" name="userCannotLogInWithInvalidUsernameAndPassword" time="1.225"/>
  <system-out/>
  <testcase classname="Tests.LoginTest" name="userCannotLogInWithInvalidUsernameAndPassword" time="1.281"/>
  <system-out/>
  <testcase classname="Tests.LoginTest" name="userCannotLogInWithInvalidUsernameAndPassword" time="1.279"/>
  <system-out/>
  <testcase classname="Tests.LoginTest" name="userCannotLogInWithRandomData" time="3.038"/>
  <system-out/>
</testsuite> <!-- Tests.LoginTest -->
