<?xml version="1.0" encoding="UTF-8"?>
<!-- Generated by org.testng.reporters.JUnitReportReporter -->
<testsuite hostname="CLVITN-28FQFX3" failures="0" tests="4" name="Tests.CartTest" time="21.483" errors="0" timestamp="2023-10-17T14:26:49 CEST" skipped="0">
  <testcase classname="Tests.CartTest" name="addItemToCart" time="5.361"/>
  <testcase classname="Tests.CartTest" name="itemCanBeRemovedFromCart" time="7.697"/>
  <testcase classname="Tests.CartTest" name="multipleItemsCaneBeAddedToCart" time="5.316"/>
  <testcase classname="Tests.CartTest" name="userCanContinueShopping" time="3.109"/>
</testsuite> <!-- Tests.CartTest -->
