<?xml version="1.0" encoding="UTF-8"?>
<!-- Generated by org.testng.reporters.JUnitReportReporter -->
<testsuite hostname="CLVITN-28FQFX3" failures="0" tests="4" name="Tests.CheckoutTest" time="8.895" errors="0" timestamp="2023-10-17T14:26:49 CEST" skipped="0">
  <testcase classname="Tests.CheckoutTest" name="allFieldsAreMandatory" time="2.362"/>
  <testcase classname="Tests.CheckoutTest" name="firstNameIsMandatory" time="2.493"/>
  <testcase classname="Tests.CheckoutTest" name="lastNameIsMandatory" time="2.003"/>
  <testcase classname="Tests.CheckoutTest" name="zipCodeIsMandatory" time="2.037"/>
</testsuite> <!-- Tests.CheckoutTest -->
