<?xml version="1.0" encoding="UTF-8"?>
<!-- Generated by org.testng.reporters.JUnitReportReporter -->
<testsuite hostname="CLVITN-28FQFX3" failures="0" tests="2" name="Tests.CartTest" time="12.434" errors="0" timestamp="2023-10-16T16:06:51 CEST" skipped="0">
  <testcase classname="Tests.CartTest" name="addItemToCart" time="5.878"/>
  <testcase classname="Tests.CartTest" name="itemCanBeRemovedFromCart" time="6.556"/>
</testsuite> <!-- Tests.CartTest -->
