<?xml version="1.0" encoding="UTF-8"?>
<!-- Generated by org.testng.reporters.JUnitReportReporter -->
<testsuite hostname="CLVITN-28FQFX3" failures="0" tests="6" name="Tests.HomepageTest" time="21.288" errors="0" timestamp="2023-10-16T16:16:19 CEST" skipped="0">
  <testcase classname="Tests.HomepageTest" name="hamburgerMenuIsHidden" time="3.754"/>
  <testcase classname="Tests.HomepageTest" name="hamburgerMenuHasExpectedItems" time="3.398"/>
  <testcase classname="Tests.HomepageTest" name="sortItemsAtoZ" time="3.709"/>
  <testcase classname="Tests.HomepageTest" name="sortItemsZtoA" time="3.376"/>
  <testcase classname="Tests.HomepageTest" name="sortPriceHighToLow" time="3.423"/>
  <testcase classname="Tests.HomepageTest" name="sortPriceLowToHigh" time="3.628"/>
</testsuite> <!-- Tests.HomepageTest -->
