<?xml version="1.0" encoding="UTF-8"?>
<!-- Generated by org.testng.reporters.JUnitReportReporter -->
<testsuite hostname="CLVITN-28FQFX3" failures="0" tests="9" name="Tests.LoginTest" time="48.708" errors="0" timestamp="2023-10-17T16:22:40 CEST" skipped="0">
  <testcase classname="Tests.LoginTest" name="userCanLogIn" time="3.704"/>
  <testcase classname="Tests.LoginTest" name="userCanLogOut" time="4.871"/>
  <testcase classname="Tests.LoginTest" name="userCannotLogInWithInvalidUsername" time="4.161"/>
  <testcase classname="Tests.LoginTest" name="userCannotLogInWithInvalidPassword" time="4.591"/>
  <testcase classname="Tests.LoginTest" name="userCannotLogInWithInvalidUsernameAndPassword" time="4.223"/>
  <testcase classname="Tests.LoginTest" name="userCannotLogInWithInvalidUsernameAndPassword" time="4.267"/>
  <testcase classname="Tests.LoginTest" name="userCannotLogInWithInvalidUsernameAndPassword" time="4.536"/>
  <testcase classname="Tests.LoginTest" name="userCannotLogInWithInvalidUsernameAndPassword" time="4.196"/>
  <testcase classname="Tests.LoginTest" name="userCannotLogInWithRandomData" time="14.159"/>
</testsuite> <!-- Tests.LoginTest -->
